<?xml version="1.0" encoding="UTF-8"?>
<!-- Generated by org.testng.reporters.JUnitXMLReporter -->
<testsuite ignored="0" hostname="Shukhrat" failures="0" tests="9" name="Test" time="0.067" errors="0" timestamp="2022-01-16T23:41:36 EST">
  <testcase classname="Test1.DemoTest" name="testA" time="0.011"/>
  <testcase classname="Test1.DemoTest" name="testB" time="0.0"/>
  <testcase classname="Test1.DemoTest" name="testC" time="0.0"/>
  <testcase classname="Test2.Demo2Test" name="testF" time="0.0"/>
  <testcase classname="Test2.Demo2Test" name="testG" time="0.001"/>
  <testcase classname="Test2.Demo2Test" name="testH" time="0.0"/>
  <testcase classname="Test3.Demo3Test" name="testX" time="0.001"/>
  <testcase classname="Test3.Demo3Test" name="testY" time="0.0"/>
  <testcase classname="Test3.Demo3Test" name="testZ" time="0.0"/>
</testsuite> <!-- Test -->
