<?xml version="1.0" encoding="UTF-8"?>
<testng-results ignored="0" total="9" passed="9" failed="0" skipped="0">
  <reporter-output>
  </reporter-output>
  <suite started-at="2022-01-16T23:41:36 EST" name="Suite" finished-at="2022-01-16T23:41:36 EST" duration-ms="67">
    <groups>
    </groups>
    <test started-at="2022-01-16T23:41:36 EST" name="Test" finished-at="2022-01-16T23:41:36 EST" duration-ms="67">
      <class name="Test3.Demo3Test">
        <test-method signature="testX()[pri:0, instance:Test3.Demo3Test@5e316c74]" started-at="2022-01-16T23:41:36 EST" name="testX" finished-at="2022-01-16T23:41:36 EST" duration-ms="1" status="PASS">
          <reporter-output>
          </reporter-output>
        </test-method> <!-- testX -->
        <test-method signature="testY()[pri:0, instance:Test3.Demo3Test@5e316c74]" started-at="2022-01-16T23:41:36 EST" name="testY" finished-at="2022-01-16T23:41:36 EST" duration-ms="0" status="PASS">
          <reporter-output>
          </reporter-output>
        </test-method> <!-- testY -->
        <test-method signature="testZ()[pri:0, instance:Test3.Demo3Test@5e316c74]" started-at="2022-01-16T23:41:36 EST" name="testZ" finished-at="2022-01-16T23:41:36 EST" duration-ms="0" status="PASS">
          <reporter-output>
          </reporter-output>
        </test-method> <!-- testZ -->
      </class> <!-- Test3.Demo3Test -->
      <class name="Test2.Demo2Test">
        <test-method signature="testF()[pri:0, instance:Test2.Demo2Test@6ac13091]" started-at="2022-01-16T23:41:36 EST" name="testF" finished-at="2022-01-16T23:41:36 EST" duration-ms="0" status="PASS">
          <reporter-output>
          </reporter-output>
        </test-method> <!-- testF -->
        <test-method signature="testG()[pri:0, instance:Test2.Demo2Test@6ac13091]" started-at="2022-01-16T23:41:36 EST" name="testG" finished-at="2022-01-16T23:41:36 EST" duration-ms="1" status="PASS">
          <reporter-output>
          </reporter-output>
        </test-method> <!-- testG -->
        <test-method signature="testH()[pri:0, instance:Test2.Demo2Test@6ac13091]" started-at="2022-01-16T23:41:36 EST" name="testH" finished-at="2022-01-16T23:41:36 EST" duration-ms="0" status="PASS">
          <reporter-output>
          </reporter-output>
        </test-method> <!-- testH -->
      </class> <!-- Test2.Demo2Test -->
      <class name="Test1.DemoTest">
        <test-method signature="testA()[pri:0, instance:Test1.DemoTest@71b1176b]" started-at="2022-01-16T23:41:36 EST" name="testA" finished-at="2022-01-16T23:41:36 EST" duration-ms="11" status="PASS">
          <reporter-output>
          </reporter-output>
        </test-method> <!-- testA -->
        <test-method signature="testB()[pri:0, instance:Test1.DemoTest@71b1176b]" started-at="2022-01-16T23:41:36 EST" name="testB" finished-at="2022-01-16T23:41:36 EST" duration-ms="0" status="PASS">
          <reporter-output>
          </reporter-output>
        </test-method> <!-- testB -->
        <test-method signature="testC()[pri:0, instance:Test1.DemoTest@71b1176b]" started-at="2022-01-16T23:41:36 EST" name="testC" finished-at="2022-01-16T23:41:36 EST" duration-ms="0" status="PASS">
          <reporter-output>
          </reporter-output>
        </test-method> <!-- testC -->
      </class> <!-- Test1.DemoTest -->
    </test> <!-- Test -->
  </suite> <!-- Suite -->
</testng-results>
