<?xml version="1.0" encoding="UTF-8"?>
<testsuite xmlns:xsi="http://www.w3.org/2001/XMLSchema-instance" xsi:noNamespaceSchemaLocation="https://maven.apache.org/surefire/maven-surefire-plugin/xsd/surefire-test-report.xsd" name="Test1.DemoTest" time="0.904" tests="3" errors="0" skipped="0" failures="0">
  <properties>
[...]
</properties>
  <testcase name="testA" classname="Test1.DemoTest" time="0.009"/>
  <testcase name="testB" classname="Test1.DemoTest" time="0.001"/>
  <testcase name="testC" classname="Test1.DemoTest" time="0.003"/>
</testsuite>