<?xml version="1.0" encoding="UTF-8"?>
<testng-results ignored="0" total="1" passed="1" failed="0" skipped="0">
  <reporter-output>
  </reporter-output>
  <suite started-at="2022-01-18T22:15:19 EST" name="Default suite" finished-at="2022-01-18T22:15:41 EST" duration-ms="21317">
    <groups>
    </groups>
    <test started-at="2022-01-18T22:15:19 EST" name="Default test" finished-at="2022-01-18T22:15:41 EST" duration-ms="21317">
      <class name="page.objects.CheapOAirDemoTest">
        <test-method is-config="true" signature="setup()[pri:0, instance:page.objects.CheapOAirDemoTest@7fa98a66]" started-at="2022-01-18T22:15:19 EST" name="setup" finished-at="2022-01-18T22:15:35 EST" duration-ms="15609" status="PASS">
          <reporter-output>
          </reporter-output>
        </test-method> <!-- setup -->
        <test-method signature="testFromBox()[pri:0, instance:page.objects.CheapOAirDemoTest@7fa98a66]" started-at="2022-01-18T22:15:35 EST" name="testFromBox" finished-at="2022-01-18T22:15:41 EST" duration-ms="5632" status="PASS">
          <reporter-output>
          </reporter-output>
        </test-method> <!-- testFromBox -->
      </class> <!-- page.objects.CheapOAirDemoTest -->
    </test> <!-- Default test -->
  </suite> <!-- Default suite -->
</testng-results>
